# JRE version: OpenJDK Runtime Environment (7.0_85-b01) (build 1.7.0_85-b01)
# Java VM: OpenJDK 64-Bit Server VM (24.85-b03 mixed mode linux-amd64 compressed oops)
Heap
 def new generation   total 3648K, used 0K [0x00000000de600000, 0x00000000de9f0000, 0x00000000e6200000)
  eden space 3264K,   0% used [0x00000000de600000, 0x00000000de600000, 0x00000000de930000)
  from space 384K,   0% used [0x00000000de990000, 0x00000000de990000, 0x00000000de9f0000)
  to   space 384K,   0% used [0x00000000de930000, 0x00000000de930000, 0x00000000de990000)
 tenured generation   total 105220K, used 3212K [0x00000000e6200000, 0x00000000ec8c1000, 0x00000000f5a00000)
   the space 105220K,   3% used [0x00000000e6200000, 0x00000000e6523368, 0x00000000e6523400, 0x00000000ec8c1000)
 compacting perm gen  total 21248K, used 11476K [0x00000000f5a00000, 0x00000000f6ec0000, 0x0000000100000000)
   the space 21248K,  54% used [0x00000000f5a00000, 0x00000000f65352b8, 0x00000000f6535400, 0x00000000f6ec0000)
GC Heap History (10 events):
Event: 2,771 GC heap after
Heap after GC invocations=5 (full 0):
 def new generation   total 3584K, used 383K [0x00000000de600000, 0x00000000de9e0000, 0x00000000e6200000)
  eden space 3200K,   0% used [0x00000000de600000, 0x00000000de600000, 0x00000000de920000)
  from space 384K,  99% used [0x00000000de980000, 0x00000000de9dfff0, 0x00000000de9e0000)
  to   space 384K,   0% used [0x00000000de920000, 0x00000000de920000, 0x00000000de980000)
 tenured generation   total 7936K, used 2044K [0x00000000e6200000, 0x00000000e69c0000, 0x00000000f5a00000)
   the space 7936K,  25% used [0x00000000e6200000, 0x00000000e63ff100, 0x00000000e63ff200, 0x00000000e69c0000)
 compacting perm gen  total 21248K, used 8986K [0x00000000f5a00000, 0x00000000f6ec0000, 0x0000000100000000)
   the space 21248K,  42% used [0x00000000f5a00000, 0x00000000f62c6aa0, 0x00000000f62c6c00, 0x00000000f6ec0000)
No shared spaces configured.
}
Event: 3,071 GC heap before
{Heap before GC invocations=5 (full 0):
 def new generation   total 3584K, used 3583K [0x00000000de600000, 0x00000000de9e0000, 0x00000000e6200000)
  eden space 3200K, 100% used [0x00000000de600000, 0x00000000de920000, 0x00000000de920000)
  from space 384K,  99% used [0x00000000de980000, 0x00000000de9dfff0, 0x00000000de9e0000)
  to   space 384K,   0% used [0x00000000de920000, 0x00000000de920000, 0x00000000de980000)
 tenured generation   total 7936K, used 2044K [0x00000000e6200000, 0x00000000e69c0000, 0x00000000f5a00000)
   the space 7936K,  25% used [0x00000000e6200000, 0x00000000e63ff100, 0x00000000e63ff200, 0x00000000e69c0000)
 compacting perm gen  total 21248K, used 9995K [0x00000000f5a00000, 0x00000000f6ec0000, 0x0000000100000000)
   the space 21248K,  47% used [0x00000000f5a00000, 0x00000000f63c2ff0, 0x00000000f63c3000, 0x00000000f6ec0000)
No shared spaces configured.
Event: 3,078 GC heap after
Heap after GC invocations=6 (full 0):
 def new generation   total 3584K, used 384K [0x00000000de600000, 0x00000000de9e0000, 0x00000000e6200000)
  eden space 3200K,   0% used [0x00000000de600000, 0x00000000de600000, 0x00000000de920000)
  from space 384K, 100% used [0x00000000de920000, 0x00000000de980000, 0x00000000de980000)
  to   space 384K,   0% used [0x00000000de980000, 0x00000000de980000, 0x00000000de9e0000)
 tenured generation   total 7936K, used 2303K [0x00000000e6200000, 0x00000000e69c0000, 0x00000000f5a00000)
   the space 7936K,  29% used [0x00000000e6200000, 0x00000000e643fd70, 0x00000000e643fe00, 0x00000000e69c0000)
 compacting perm gen  total 21248K, used 9995K [0x00000000f5a00000, 0x00000000f6ec0000, 0x0000000100000000)
   the space 21248K,  47% used [0x00000000f5a00000, 0x00000000f63c2ff0, 0x00000000f63c3000, 0x00000000f6ec0000)
No shared spaces configured.
}
Event: 3,454 GC heap before
{Heap before GC invocations=6 (full 0):
 def new generation   total 3584K, used 3584K [0x00000000de600000, 0x00000000de9e0000, 0x00000000e6200000)
  eden space 3200K, 100% used [0x00000000de600000, 0x00000000de920000, 0x00000000de920000)
  from space 384K, 100% used [0x00000000de920000, 0x00000000de980000, 0x00000000de980000)
  to   space 384K,   0% used [0x00000000de980000, 0x00000000de980000, 0x00000000de9e0000)
 tenured generation   total 7936K, used 2303K [0x00000000e6200000, 0x00000000e69c0000, 0x00000000f5a00000)
   the space 7936K,  29% used [0x00000000e6200000, 0x00000000e643fd70, 0x00000000e643fe00, 0x00000000e69c0000)
 compacting perm gen  total 21248K, used 10458K [0x00000000f5a00000, 0x00000000f6ec0000, 0x0000000100000000)
   the space 21248K,  49% used [0x00000000f5a00000, 0x00000000f6436840, 0x00000000f6436a00, 0x00000000f6ec0000)
No shared spaces configured.
Event: 3,457 GC heap after
Heap after GC invocations=7 (full 0):
 def new generation   total 3584K, used 384K [0x00000000de600000, 0x00000000de9e0000, 0x00000000e6200000)
  eden space 3200K,   0% used [0x00000000de600000, 0x00000000de600000, 0x00000000de920000)
  from space 384K, 100% used [0x00000000de980000, 0x00000000de9e0000, 0x00000000de9e0000)
  to   space 384K,   0% used [0x00000000de920000, 0x00000000de920000, 0x00000000de980000)
 tenured generation   total 7936K, used 2741K [0x00000000e6200000, 0x00000000e69c0000, 0x00000000f5a00000)
   the space 7936K,  34% used [0x00000000e6200000, 0x00000000e64ad440, 0x00000000e64ad600, 0x00000000e69c0000)
 compacting perm gen  total 21248K, used 10458K [0x00000000f5a00000, 0x00000000f6ec0000, 0x0000000100000000)
   the space 21248K,  49% used [0x00000000f5a00000, 0x00000000f6436840, 0x00000000f6436a00, 0x00000000f6ec0000)
No shared spaces configured.
}
Event: 3,827 GC heap before
{Heap before GC invocations=7 (full 0):
 def new generation   total 3584K, used 3584K [0x00000000de600000, 0x00000000de9e0000, 0x00000000e6200000)
  eden space 3200K, 100% used [0x00000000de600000, 0x00000000de920000, 0x00000000de920000)
  from space 384K, 100% used [0x00000000de980000, 0x00000000de9e0000, 0x00000000de9e0000)
  to   space 384K,   0% used [0x00000000de920000, 0x00000000de920000, 0x00000000de980000)
 tenured generation   total 7936K, used 2741K [0x00000000e6200000, 0x00000000e69c0000, 0x00000000f5a00000)
   the space 7936K,  34% used [0x00000000e6200000, 0x00000000e64ad440, 0x00000000e64ad600, 0x00000000e69c0000)
 compacting perm gen  total 21248K, used 10703K [0x00000000f5a00000, 0x00000000f6ec0000, 0x0000000100000000)
   the space 21248K,  50% used [0x00000000f5a00000, 0x00000000f6473fa8, 0x00000000f6474000, 0x00000000f6ec0000)
No shared spaces configured.
Event: 3,829 GC heap after
Heap after GC invocations=8 (full 0):
 def new generation   total 3584K, used 288K [0x00000000de600000, 0x00000000de9e0000, 0x00000000e6200000)
  eden space 3200K,   0% used [0x00000000de600000, 0x00000000de600000, 0x00000000de920000)
  from space 384K,  75% used [0x00000000de920000, 0x00000000de968228, 0x00000000de980000)
  to   space 384K,   0% used [0x00000000de980000, 0x00000000de980000, 0x00000000de9e0000)
 tenured generation   total 7936K, used 3123K [0x00000000e6200000, 0x00000000e69c0000, 0x00000000f5a00000)
   the space 7936K,  39% used [0x00000000e6200000, 0x00000000e650cdf0, 0x00000000e650ce00, 0x00000000e69c0000)
 compacting perm gen  total 21248K, used 10703K [0x00000000f5a00000, 0x00000000f6ec0000, 0x0000000100000000)
   the space 21248K,  50% used [0x00000000f5a00000, 0x00000000f6473fa8, 0x00000000f6474000, 0x00000000f6ec0000)
No shared spaces configured.
}
Event: 3,950 GC heap before
{Heap before GC invocations=8 (full 0):
 def new generation   total 3584K, used 2720K [0x00000000de600000, 0x00000000de9e0000, 0x00000000e6200000)
  eden space 3200K,  75% used [0x00000000de600000, 0x00000000de85fea0, 0x00000000de920000)
  from space 384K,  75% used [0x00000000de920000, 0x00000000de968228, 0x00000000de980000)
  to   space 384K,   0% used [0x00000000de980000, 0x00000000de980000, 0x00000000de9e0000)
 tenured generation   total 7936K, used 3123K [0x00000000e6200000, 0x00000000e69c0000, 0x00000000f5a00000)
   the space 7936K,  39% used [0x00000000e6200000, 0x00000000e650cdf0, 0x00000000e650ce00, 0x00000000e69c0000)
 compacting perm gen  total 21248K, used 11117K [0x00000000f5a00000, 0x00000000f6ec0000, 0x0000000100000000)
   the space 21248K,  52% used [0x00000000f5a00000, 0x00000000f64db4b0, 0x00000000f64db600, 0x00000000f6ec0000)
No shared spaces configured.
Event: 3,977 GC heap after
Heap after GC invocations=9 (full 1):
 def new generation   total 3648K, used 0K [0x00000000de600000, 0x00000000de9f0000, 0x00000000e6200000)
  eden space 3264K,   0% used [0x00000000de600000, 0x00000000de600000, 0x00000000de930000)
  from space 384K,   0% used [0x00000000de930000, 0x00000000de930000, 0x00000000de990000)
  to   space 384K,   0% used [0x00000000de990000, 0x00000000de990000, 0x00000000de9f0000)
 tenured generation   total 7936K, used 3180K [0x00000000e6200000, 0x00000000e69c0000, 0x00000000f5a00000)
   the space 7936K,  40% used [0x00000000e6200000, 0x00000000e651b168, 0x00000000e651b200, 0x00000000e69c0000)
 compacting perm gen  total 21248K, used 11117K [0x00000000f5a00000, 0x00000000f6ec0000, 0x0000000100000000)
   the space 21248K,  52% used [0x00000000f5a00000, 0x00000000f64db4b0, 0x00000000f64db600, 0x00000000f6ec0000)
No shared spaces configured.
}
Event: 7,039 GC heap before
{Heap before GC invocations=9 (full 1):
 def new generation   total 3648K, used 3264K [0x00000000de600000, 0x00000000de9f0000, 0x00000000e6200000)
  eden space 3264K, 100% used [0x00000000de600000, 0x00000000de930000, 0x00000000de930000)
  from space 384K,   0% used [0x00000000de930000, 0x00000000de930000, 0x00000000de990000)
  to   space 384K,   0% used [0x00000000de990000, 0x00000000de990000, 0x00000000de9f0000)
 tenured generation   total 105220K, used 104300K [0x00000000e6200000, 0x00000000ec8c1000, 0x00000000f5a00000)
   the space 105220K,  99% used [0x00000000e6200000, 0x00000000ec7db188, 0x00000000ec7db200, 0x00000000ec8c1000)
 compacting perm gen  total 21248K, used 11476K [0x00000000f5a00000, 0x00000000f6ec0000, 0x0000000100000000)
   the space 21248K,  54% used [0x00000000f5a00000, 0x00000000f65352b8, 0x00000000f6535400, 0x00000000f6ec0000)
No shared spaces configured.

